#
# There is insufficient memory for the Java Runtime Environment to continue.
# Native memory allocation (malloc) failed to allocate 75497472 bytes for committing reserved memory.
# Possible reasons:
#   The system is out of physical RAM or swap space
#   In 32 bit mode, the process size limit was hit
# Possible solutions:
#   Reduce memory load on the system
#   Increase physical memory or swap space
#   Check if swap backing store is full
#   Use 64 bit Java on a 64 bit OS
#   Decrease Java heap size (-Xmx/-Xms)
#   Decrease number of Java threads
#   Decrease Java thread stack sizes (-Xss)
#   Set larger code cache with -XX:ReservedCodeCacheSize=
# This output file may be truncated or incomplete.
#
#  Out of Memory Error (os_linux.cpp:2827), pid=5529, tid=140197541050112
#
# JRE version: OpenJDK Runtime Environment (7.0_95) (build 1.7.0_95-b00)
# Java VM: OpenJDK 64-Bit Server VM (24.95-b01 mixed mode linux-amd64 compressed oops)
# Derivative: IcedTea 2.6.4
# Distribution: Ubuntu 14.04.3 LTS, package 7u95-2.6.4-0ubuntu0.14.04.1
# Failed to write core dump. Core dumps have been disabled. To enable core dumping, try "ulimit -c unlimited" before starting Java again
#

---------------  T H R E A D  ---------------

Current thread (0x00007f8254075800):  VMThread [stack: 0x00007f824891f000,0x00007f8248a20000] [id=5540]

Stack: [0x00007f824891f000,0x00007f8248a20000],  sp=0x00007f8248a1e490,  free space=1021k
Native frames: (J=compiled Java code, j=interpreted, Vv=VM code, C=native code)
V  [libjvm.so+0x9550e5]
V  [libjvm.so+0x4902b4]
V  [libjvm.so+0x7cf7bb]
V  [libjvm.so+0x7ca28f]
V  [libjvm.so+0x83e56b]
V  [libjvm.so+0x83f3e0]
V  [libjvm.so+0x83facb]
V  [libjvm.so+0x83b4d8]
V  [libjvm.so+0x83bd48]
V  [libjvm.so+0x7f1fd3]
V  [libjvm.so+0x956ae4]
V  [libjvm.so+0x95abe7]
V  [libjvm.so+0x9596a8]
V  [libjvm.so+0x959b09]
V  [libjvm.so+0x959f52]
V  [libjvm.so+0x7cc682]

VM_Operation (0x00007f825ad3c840): ParallelGCFailedAllocation, mode: safepoint, requested by thread 0x00007f825400a000


---------------  P R O C E S S  ---------------

Java Threads: ( => current thread )
  0x00007f8254178000 JavaThread "Java2D Disposer" daemon [_thread_blocked, id=5548, stack(0x00007f821a46e000,0x00007f821a56f000)]
  0x00007f82540ae800 JavaThread "Service Thread" daemon [_thread_blocked, id=5546, stack(0x00007f8243bfc000,0x00007f8243cfd000)]
  0x00007f82540ac000 JavaThread "C2 CompilerThread1" daemon [_thread_blocked, id=5545, stack(0x00007f8243cfd000,0x00007f8243dfe000)]
  0x00007f82540a9800 JavaThread "C2 CompilerThread0" daemon [_thread_blocked, id=5544, stack(0x00007f8243dfe000,0x00007f8243eff000)]
  0x00007f82540a7000 JavaThread "Signal Dispatcher" daemon [_thread_blocked, id=5543, stack(0x00007f8243eff000,0x00007f8244000000)]
  0x00007f825407c000 JavaThread "Finalizer" daemon [_thread_blocked, id=5542, stack(0x00007f824871d000,0x00007f824881e000)]
  0x00007f825407a000 JavaThread "Reference Handler" daemon [_thread_blocked, id=5541, stack(0x00007f824881e000,0x00007f824891f000)]
  0x00007f825400a000 JavaThread "main" [_thread_blocked, id=5535, stack(0x00007f825ac3d000,0x00007f825ad3e000)]

Other Threads:
=>0x00007f8254075800 VMThread [stack: 0x00007f824891f000,0x00007f8248a20000] [id=5540]
  0x00007f82540b9800 WatcherThread [stack: 0x00007f8243afb000,0x00007f8243bfc000] [id=5547]

VM state:at safepoint (normal execution)

VM Mutex/Monitor currently owned by a thread:  ([mutex/lock_event])
[0x00007f82540063a0] Threads_lock - owner thread: 0x00007f8254075800
[0x00007f82540068a0] Heap_lock - owner thread: 0x00007f825400a000

Heap
 PSYoungGen      total 32768K, used 2048K [0x00000000ecf00000, 0x00000000ef100000, 0x0000000100000000)
  eden space 30720K, 0% used [0x00000000ecf00000,0x00000000ecf00000,0x00000000eed00000)
  from space 2048K, 100% used [0x00000000eed00000,0x00000000eef00000,0x00000000eef00000)
  to   space 2048K, 0% used [0x00000000eef00000,0x00000000eef00000,0x00000000ef100000)
 ParOldGen       total 46080K, used 45904K [0x00000000c6e00000, 0x00000000c9b00000, 0x00000000ecf00000)
  object space 46080K, 99% used [0x00000000c6e00000,0x00000000c9ad40f0,0x00000000c9b00000)
 PSPermGen       total 21504K, used 4695K [0x00000000bc800000, 0x00000000bdd00000, 0x00000000c6e00000)
  object space 21504K, 21% used [0x00000000bc800000,0x00000000bcc95c78,0x00000000bdd00000)

Card table byte_map: [0x00007f82505a8000,0x00007f82507c5000] byte_map_base: 0x00007f824ffc4000

Polling page: 0x00007f825ad5d000

Code Cache  [0x00007f82507c5000, 0x00007f8250a35000, 0x00007f82537c5000)
 total_blobs=255 nmethods=29 adapters=180 free_code_cache=48703Kb largest_free_block=49845760

Compilation events (10 events):
Event: 0.400 Thread 0x00007f82540a9800 nmethod 24 0x00007f825082bf90 code [0x00007f825082c0c0, 0x00007f825082c158]
Event: 0.400 Thread 0x00007f82540a9800   26             test.ink::addPixel (10 bytes)
Event: 0.400 Thread 0x00007f82540ac000 nmethod 25 0x00007f825082bd90 code [0x00007f825082bec0, 0x00007f825082bf18]
Event: 0.400 Thread 0x00007f82540ac000   27             java.awt.Color::getBlue (11 bytes)
Event: 0.401 Thread 0x00007f82540ac000 nmethod 27 0x00007f8250834e10 code [0x00007f8250834f40, 0x00007f8250834f98]
Event: 0.401 Thread 0x00007f82540ac000   28             java.awt.Color::getGreen (12 bytes)
Event: 0.401 Thread 0x00007f82540ac000 nmethod 28 0x00007f8250833710 code [0x00007f8250833840, 0x00007f8250833898]
Event: 0.401 Thread 0x00007f82540ac000   29 % !         test.imgtest::main @ 84 (522 bytes)
Event: 0.416 Thread 0x00007f82540a9800 nmethod 26 0x00007f8250835f10 code [0x00007f8250836080, 0x00007f8250836208]
Event: 0.446 Thread 0x00007f82540ac000 nmethod 29% 0x00007f825083a010 code [0x00007f825083a220, 0x00007f825083aeb0]

GC Heap History (9 events):
Event: 0.326 GC heap before
{Heap before GC invocations=1 (full 0):
 PSYoungGen      total 17408K, used 15360K [0x00000000ecf00000, 0x00000000ee200000, 0x0000000100000000)
  eden space 15360K, 100% used [0x00000000ecf00000,0x00000000ede00000,0x00000000ede00000)
  from space 2048K, 0% used [0x00000000ee000000,0x00000000ee000000,0x00000000ee200000)
  to   space 2048K, 0% used [0x00000000ede00000,0x00000000ede00000,0x00000000ee000000)
 ParOldGen       total 38912K, used 0K [0x00000000c6e00000, 0x00000000c9400000, 0x00000000ecf00000)
  object space 38912K, 0% used [0x00000000c6e00000,0x00000000c6e00000,0x00000000c9400000)
 PSPermGen       total 21504K, used 4653K [0x00000000bc800000, 0x00000000bdd00000, 0x00000000c6e00000)
  object space 21504K, 21% used [0x00000000bc800000,0x00000000bcc8b528,0x00000000bdd00000)
Event: 0.329 GC heap after
Heap after GC invocations=1 (full 0):
 PSYoungGen      total 17408K, used 480K [0x00000000ecf00000, 0x00000000ee200000, 0x0000000100000000)
  eden space 15360K, 0% used [0x00000000ecf00000,0x00000000ecf00000,0x00000000ede00000)
  from space 2048K, 23% used [0x00000000ede00000,0x00000000ede78000,0x00000000ee000000)
  to   space 2048K, 0% used [0x00000000ee000000,0x00000000ee000000,0x00000000ee200000)
 ParOldGen       total 38912K, used 3970K [0x00000000c6e00000, 0x00000000c9400000, 0x00000000ecf00000)
  object space 38912K, 10% used [0x00000000c6e00000,0x00000000c71e0810,0x00000000c9400000)
 PSPermGen       total 21504K, used 4653K [0x00000000bc800000, 0x00000000bdd00000, 0x00000000c6e00000)
  object space 21504K, 21% used [0x00000000bc800000,0x00000000bcc8b528,0x00000000bdd00000)
}
Event: 0.402 GC heap before
{Heap before GC invocations=2 (full 0):
 PSYoungGen      total 17408K, used 15840K [0x00000000ecf00000, 0x00000000ee200000, 0x0000000100000000)
  eden space 15360K, 100% used [0x00000000ecf00000,0x00000000ede00000,0x00000000ede00000)
  from space 2048K, 23% used [0x00000000ede00000,0x00000000ede78000,0x00000000ee000000)
  to   space 2048K, 0% used [0x00000000ee000000,0x00000000ee000000,0x00000000ee200000)
 ParOldGen       total 38912K, used 3970K [0x00000000c6e00000, 0x00000000c9400000, 0x00000000ecf00000)
  object space 38912K, 10% used [0x00000000c6e00000,0x00000000c71e0810,0x00000000c9400000)
 PSPermGen       total 21504K, used 4695K [0x00000000bc800000, 0x00000000bdd00000, 0x00000000c6e00000)
  object space 21504K, 21% used [0x00000000bc800000,0x00000000bcc95c78,0x00000000bdd00000)
Event: 0.415 GC heap after
Heap after GC invocations=2 (full 0):
 PSYoungGen      total 17408K, used 2034K [0x00000000ecf00000, 0x00000000ef100000, 0x0000000100000000)
  eden space 15360K, 0% used [0x00000000ecf00000,0x00000000ecf00000,0x00000000ede00000)
  from space 2048K, 99% used [0x00000000ee000000,0x00000000ee1fc970,0x00000000ee200000)
  to   space 2048K, 0% used [0x00000000ede00000,0x00000000ede00000,0x00000000ee000000)
 ParOldGen       total 38912K, used 9882K [0x00000000c6e00000, 0x00000000c9400000, 0x00000000ecf00000)
  object space 38912K, 25% used [0x00000000c6e00000,0x00000000c77a6810,0x00000000c9400000)
 PSPermGen       total 21504K, used 4695K [0x00000000bc800000, 0x00000000bdd00000, 0x00000000c6e00000)
  object space 21504K, 21% used [0x00000000bc800000,0x00000000bcc95c78,0x00000000bdd00000)
}
Event: 0.454 GC heap before
{Heap before GC invocations=3 (full 0):
 PSYoungGen      total 17408K, used 17394K [0x00000000ecf00000, 0x00000000ef100000, 0x0000000100000000)
  eden space 15360K, 100% used [0x00000000ecf00000,0x00000000ede00000,0x00000000ede00000)
  from space 2048K, 99% used [0x00000000ee000000,0x00000000ee1fc970,0x00000000ee200000)
  to   space 2048K, 0% used [0x00000000ede00000,0x00000000ede00000,0x00000000ee000000)
 ParOldGen       total 38912K, used 9882K [0x00000000c6e00000, 0x00000000c9400000, 0x00000000ecf00000)
  object space 38912K, 25% used [0x00000000c6e00000,0x00000000c77a6810,0x00000000c9400000)
 PSPermGen       total 21504K, used 4695K [0x00000000bc800000, 0x00000000bdd00000, 0x00000000c6e00000)
  object space 21504K, 21% used [0x00000000bc800000,0x00000000bcc95c78,0x00000000bdd00000)
Event: 0.481 GC heap after
Heap after GC invocations=3 (full 0):
 PSYoungGen      total 17408K, used 2048K [0x00000000ecf00000, 0x00000000ef100000, 0x0000000100000000)
  eden space 15360K, 0% used [0x00000000ecf00000,0x00000000ecf00000,0x00000000ede00000)
  from space 2048K, 100% used [0x00000000ede00000,0x00000000ee000000,0x00000000ee000000)
  to   space 2048K, 0% used [0x00000000eef00000,0x00000000eef00000,0x00000000ef100000)
 ParOldGen       total 38912K, used 18472K [0x00000000c6e00000, 0x00000000c9400000, 0x00000000ecf00000)
  object space 38912K, 47% used [0x00000000c6e00000,0x00000000c800a330,0x00000000c9400000)
 PSPermGen       total 21504K, used 4695K [0x00000000bc800000, 0x00000000bdd00000, 0x00000000c6e00000)
  object space 21504K, 21% used [0x00000000bc800000,0x00000000bcc95c78,0x00000000bdd00000)
}
Event: 0.496 GC heap before
{Heap before GC invocations=4 (full 0):
 PSYoungGen      total 17408K, used 17408K [0x00000000ecf00000, 0x00000000ef100000, 0x0000000100000000)
  eden space 15360K, 100% used [0x00000000ecf00000,0x00000000ede00000,0x00000000ede00000)
  from space 2048K, 100% used [0x00000000ede00000,0x00000000ee000000,0x00000000ee000000)
  to   space 2048K, 0% used [0x00000000eef00000,0x00000000eef00000,0x00000000ef100000)
 ParOldGen       total 38912K, used 18472K [0x00000000c6e00000, 0x00000000c9400000, 0x00000000ecf00000)
  object space 38912K, 47% used [0x00000000c6e00000,0x00000000c800a330,0x00000000c9400000)
 PSPermGen       total 21504K, used 4695K [0x00000000bc800000, 0x00000000bdd00000, 0x00000000c6e00000)
  object space 21504K, 21% used [0x00000000bc800000,0x00000000bcc95c78,0x00000000bdd00000)
Event: 0.524 GC heap after
Heap after GC invocations=4 (full 0):
 PSYoungGen      total 32768K, used 2048K [0x00000000ecf00000, 0x00000000ef100000, 0x0000000100000000)
  eden space 30720K, 0% used [0x00000000ecf00000,0x00000000ecf00000,0x00000000eed00000)
  from space 2048K, 100% used [0x00000000eef00000,0x00000000ef100000,0x00000000ef100000)
  to   space 2048K, 0% used [0x00000000eed00000,0x00000000eed00000,0x00000000eef00000)
 ParOldGen       total 38912K, used 27369K [0x00000000c6e00000, 0x00000000c9400000, 0x00000000ecf00000)
  object space 38912K, 70% used [0x00000000c6e00000,0x00000000c88ba7f8,0x00000000c9400000)
 PSPermGen       total 21504K, used 4695K [0x00000000bc800000, 0x00000000bdd00000, 0x00000000c6e00000)
  object space 21504K, 21% used [0x00000000bc800000,0x00000000bcc95c78,0x00000000bdd00000)
}
Event: 0.566 GC heap before
{Heap before GC invocations=5 (full 0):
 PSYoungGen      total 32768K, used 32768K [0x00000000ecf00000, 0x00000000ef100000, 0x0000000100000000)
  eden space 30720K, 100% used [0x00000000ecf00000,0x00000000eed00000,0x00000000eed00000)
  from space 2048K, 100% used [0x00000000eef00000,0x00000000ef100000,0x00000000ef100000)
  to   space 2048K, 0% used [0x00000000eed00000,0x00000000eed00000,0x00000000eef00000)
 ParOldGen       total 38912K, used 27369K [0x00000000c6e00000, 0x00000000c9400000, 0x00000000ecf00000)
  object space 38912K, 70% used [0x00000000c6e00000,0x00000000c88ba7f8,0x00000000c9400000)
 PSPermGen       total 21504K, used 4695K [0x00000000bc800000, 0x00000000bdd00000, 0x00000000c6e00000)
  object space 21504K, 21% used [0x00000000bc800000,0x00000000bcc95c78,0x00000000bdd00000)

Deoptimization events (0 events):
No events

Internal exceptions (10 events):
Event: 0.129 Thread 0x00007f825400a000 Threw 0x00000000ecfa6dd0 at /build/openjdk-7-2FOwCu/openjdk-7-7u95-2.6.4/build/openjdk/hotspot/src/share/vm/prims/jvm.cpp:1322
Event: 0.132 Thread 0x00007f825400a000 Threw 0x00000000ecfb99c8 at /build/openjdk-7-2FOwCu/openjdk-7-7u95-2.6.4/build/openjdk/hotspot/src/share/vm/prims/jvm.cpp:1322
Event: 0.132 Thread 0x00007f825400a000 Threw 0x00000000ecfb9bf0 at /build/openjdk-7-2FOwCu/openjdk-7-7u95-2.6.4/build/openjdk/hotspot/src/share/vm/prims/jvm.cpp:1322
Event: 0.133 Thread 0x00007f825400a000 Threw 0x00000000ecfbca58 at /build/openjdk-7-2FOwCu/openjdk-7-7u95-2.6.4/build/openjdk/hotspot/src/share/vm/prims/jvm.cpp:1322
Event: 0.133 Thread 0x00007f825400a000 Threw 0x00000000ecfbcc80 at /build/openjdk-7-2FOwCu/openjdk-7-7u95-2.6.4/build/openjdk/hotspot/src/share/vm/prims/jvm.cpp:1322
Event: 0.133 Thread 0x00007f825400a000 Threw 0x00000000ecfbd780 at /build/openjdk-7-2FOwCu/openjdk-7-7u95-2.6.4/build/openjdk/hotspot/src/share/vm/prims/jvm.cpp:1322
Event: 0.133 Thread 0x00007f825400a000 Threw 0x00000000ecfbd9a8 at /build/openjdk-7-2FOwCu/openjdk-7-7u95-2.6.4/build/openjdk/hotspot/src/share/vm/prims/jvm.cpp:1322
Event: 0.163 Thread 0x00007f825400a000 Threw 0x00000000ecfc5728 at /build/openjdk-7-2FOwCu/openjdk-7-7u95-2.6.4/build/openjdk/hotspot/src/share/vm/prims/jni.cpp:721
Event: 0.367 Thread 0x00007f825400a000 Threw 0x00000000ed693000 at /build/openjdk-7-2FOwCu/openjdk-7-7u95-2.6.4/build/openjdk/hotspot/src/share/vm/prims/jvm.cpp:1322
Event: 0.369 Thread 0x00007f825400a000 Threw 0x00000000ed931dd0 at /build/openjdk-7-2FOwCu/openjdk-7-7u95-2.6.4/build/openjdk/hotspot/src/share/vm/prims/jvm.cpp:1322

Events (10 events):
Event: 0.371 loading class 0x00007f82280174d0
Event: 0.371 loading class 0x00007f82280174d0 done
Event: 0.371 loading class 0x00007f82540fbf60 done
Event: 0.402 Executing VM operation: ParallelGCFailedAllocation
Event: 0.415 Executing VM operation: ParallelGCFailedAllocation done
Event: 0.454 Executing VM operation: ParallelGCFailedAllocation
Event: 0.481 Executing VM operation: ParallelGCFailedAllocation done
Event: 0.496 Executing VM operation: ParallelGCFailedAllocation
Event: 0.524 Executing VM operation: ParallelGCFailedAllocation done
Event: 0.566 Executing VM operation: ParallelGCFailedAllocation


Dynamic libraries:
00400000-00401000 r-xp 00000000 08:01 9176584                            /usr/lib/jvm/java-7-openjdk-amd64/jre/bin/java
00600000-00601000 r--p 00000000 08:01 9176584                            /usr/lib/jvm/java-7-openjdk-amd64/jre/bin/java
00601000-00602000 rw-p 00001000 08:01 9176584                            /usr/lib/jvm/java-7-openjdk-amd64/jre/bin/java
0153f000-01560000 rw-p 00000000 00:00 0                                  [heap]
bc800000-bdd00000 rw-p 00000000 00:00 0 
bdd00000-c6e00000 rw-p 00000000 00:00 0 
c6e00000-c9b00000 rw-p 00000000 00:00 0 
c9b00000-ecf00000 rw-p 00000000 00:00 0 
ecf00000-ef100000 rw-p 00000000 00:00 0 
f3900000-100000000 rw-p 00000000 00:00 0 
7f8210000000-7f8210021000 rw-p 00000000 00:00 0 
7f8210021000-7f8214000000 ---p 00000000 00:00 0 
7f8214000000-7f8214021000 rw-p 00000000 00:00 0 
7f8214021000-7f8218000000 ---p 00000000 00:00 0 
7f821a00e000-7f821a051000 r-xp 00000000 08:01 5644534                    /usr/lib/x86_64-linux-gnu/libjpeg.so.8.0.2
7f821a051000-7f821a251000 ---p 00043000 08:01 5644534                    /usr/lib/x86_64-linux-gnu/libjpeg.so.8.0.2
7f821a251000-7f821a252000 r--p 00043000 08:01 5644534                    /usr/lib/x86_64-linux-gnu/libjpeg.so.8.0.2
7f821a252000-7f821a253000 rw-p 00044000 08:01 5644534                    /usr/lib/x86_64-linux-gnu/libjpeg.so.8.0.2
7f821a253000-7f821a263000 rw-p 00000000 00:00 0 
7f821a263000-7f821a26d000 r-xp 00000000 08:01 9176647                    /usr/lib/jvm/java-7-openjdk-amd64/jre/lib/amd64/libjavajpeg.so
7f821a26d000-7f821a46c000 ---p 0000a000 08:01 9176647                    /usr/lib/jvm/java-7-openjdk-amd64/jre/lib/amd64/libjavajpeg.so
7f821a46c000-7f821a46d000 r--p 00009000 08:01 9176647                    /usr/lib/jvm/java-7-openjdk-amd64/jre/lib/amd64/libjavajpeg.so
7f821a46d000-7f821a46e000 rw-p 0000a000 08:01 9176647                    /usr/lib/jvm/java-7-openjdk-amd64/jre/lib/amd64/libjavajpeg.so
7f821a46e000-7f821a471000 ---p 00000000 00:00 0 
7f821a471000-7f821a56f000 rw-p 00000000 00:00 0                          [stack:5548]
7f821a56f000-7f821a573000 r-xp 00000000 08:01 10358923                   /lib/x86_64-linux-gnu/libgpg-error.so.0.10.0
7f821a573000-7f821a772000 ---p 00004000 08:01 10358923                   /lib/x86_64-linux-gnu/libgpg-error.so.0.10.0
7f821a772000-7f821a773000 r--p 00003000 08:01 10358923                   /lib/x86_64-linux-gnu/libgpg-error.so.0.10.0
7f821a773000-7f821a774000 rw-p 00004000 08:01 10358923                   /lib/x86_64-linux-gnu/libgpg-error.so.0.10.0
7f821a774000-7f821a776000 r-xp 00000000 08:01 10358933                   /lib/x86_64-linux-gnu/libkeyutils.so.1.4
7f821a776000-7f821a976000 ---p 00002000 08:01 10358933                   /lib/x86_64-linux-gnu/libkeyutils.so.1.4
7f821a976000-7f821a977000 r--p 00002000 08:01 10358933                   /lib/x86_64-linux-gnu/libkeyutils.so.1.4
7f821a977000-7f821a978000 rw-p 00003000 08:01 10358933                   /lib/x86_64-linux-gnu/libkeyutils.so.1.4
7f821a978000-7f821a9b5000 r-xp 00000000 08:01 10358993                   /lib/x86_64-linux-gnu/libpcre.so.3.13.1
7f821a9b5000-7f821abb4000 ---p 0003d000 08:01 10358993                   /lib/x86_64-linux-gnu/libpcre.so.3.13.1
7f821abb4000-7f821abb5000 r--p 0003c000 08:01 10358993                   /lib/x86_64-linux-gnu/libpcre.so.3.13.1
7f821abb5000-7f821abb6000 rw-p 0003d000 08:01 10358993                   /lib/x86_64-linux-gnu/libpcre.so.3.13.1
7f821abb6000-7f821abdb000 r-xp 00000000 08:01 10359166                   /lib/x86_64-linux-gnu/libpng12.so.0.50.0
7f821abdb000-7f821adda000 ---p 00025000 08:01 10359166                   /lib/x86_64-linux-gnu/libpng12.so.0.50.0
7f821adda000-7f821addb000 r--p 00024000 08:01 10359166                   /lib/x86_64-linux-gnu/libpng12.so.0.50.0
7f821addb000-7f821addc000 rw-p 00025000 08:01 10359166                   /lib/x86_64-linux-gnu/libpng12.so.0.50.0
7f821addc000-7f821ae20000 r-xp 00000000 08:01 10358904                   /lib/x86_64-linux-gnu/libdbus-1.so.3.7.6
7f821ae20000-7f821b01f000 ---p 00044000 08:01 10358904                   /lib/x86_64-linux-gnu/libdbus-1.so.3.7.6
7f821b01f000-7f821b020000 r--p 00043000 08:01 10358904                   /lib/x86_64-linux-gnu/libdbus-1.so.3.7.6
7f821b020000-7f821b021000 rw-p 00044000 08:01 10358904                   /lib/x86_64-linux-gnu/libdbus-1.so.3.7.6
7f821b021000-7f821b05c000 r-xp 00000000 08:01 5644661                    /usr/lib/x86_64-linux-gnu/libp11-kit.so.0.0.0
7f821b05c000-7f821b25b000 ---p 0003b000 08:01 5644661                    /usr/lib/x86_64-linux-gnu/libp11-kit.so.0.0.0
7f821b25b000-7f821b261000 r--p 0003a000 08:01 5644661                    /usr/lib/x86_64-linux-gnu/libp11-kit.so.0.0.0
7f821b261000-7f821b263000 rw-p 00040000 08:01 5644661                    /usr/lib/x86_64-linux-gnu/libp11-kit.so.0.0.0
7f821b263000-7f821b275000 r-xp 00000000 08:01 5644844                    /usr/lib/x86_64-linux-gnu/libtasn1.so.6.2.0
7f821b275000-7f821b475000 ---p 00012000 08:01 5644844                    /usr/lib/x86_64-linux-gnu/libtasn1.so.6.2.0
7f821b475000-7f821b476000 r--p 00012000 08:01 5644844                    /usr/lib/x86_64-linux-gnu/libtasn1.so.6.2.0
7f821b476000-7f821b477000 rw-p 00013000 08:01 5644844                    /usr/lib/x86_64-linux-gnu/libtasn1.so.6.2.0
7f821b477000-7f821b4f3000 r-xp 00000000 08:01 10358919                   /lib/x86_64-linux-gnu/libgcrypt.so.11.8.2
7f821b4f3000-7f821b6f3000 ---p 0007c000 08:01 10358919                   /lib/x86_64-linux-gnu/libgcrypt.so.11.8.2
7f821b6f3000-7f821b6f4000 r--p 0007c000 08:01 10358919                   /lib/x86_64-linux-gnu/libgcrypt.so.11.8.2
7f821b6f4000-7f821b6f7000 rw-p 0007d000 08:01 10358919                   /lib/x86_64-linux-gnu/libgcrypt.so.11.8.2
7f821b6f7000-7f821b701000 r-xp 00000000 08:01 5643344                    /usr/lib/x86_64-linux-gnu/libkrb5support.so.0.1
7f821b701000-7f821b900000 ---p 0000a000 08:01 5643344                    /usr/lib/x86_64-linux-gnu/libkrb5support.so.0.1
7f821b900000-7f821b901000 r--p 00009000 08:01 5643344                    /usr/lib/x86_64-linux-gnu/libkrb5support.so.0.1
7f821b901000-7f821b902000 rw-p 0000a000 08:01 5643344                    /usr/lib/x86_64-linux-gnu/libkrb5support.so.0.1
7f821b902000-7f821b905000 r-xp 00000000 08:01 10358881                   /lib/x86_64-linux-gnu/libcom_err.so.2.1
7f821b905000-7f821bb04000 ---p 00003000 08:01 10358881                   /lib/x86_64-linux-gnu/libcom_err.so.2.1
7f821bb04000-7f821bb05000 r--p 00002000 08:01 10358881                   /lib/x86_64-linux-gnu/libcom_err.so.2.1
7f821bb05000-7f821bb06000 rw-p 00003000 08:01 10358881                   /lib/x86_64-linux-gnu/libcom_err.so.2.1
7f821bb06000-7f821bb32000 r-xp 00000000 08:01 5636313                    /usr/lib/x86_64-linux-gnu/libk5crypto.so.3.1
7f821bb32000-7f821bd31000 ---p 0002c000 08:01 5636313                    /usr/lib/x86_64-linux-gnu/libk5crypto.so.3.1
7f821bd31000-7f821bd33000 r--p 0002b000 08:01 5636313                    /usr/lib/x86_64-linux-gnu/libk5crypto.so.3.1
7f821bd33000-7f821bd34000 rw-p 0002d000 08:01 5636313                    /usr/lib/x86_64-linux-gnu/libk5crypto.so.3.1
7f821bd34000-7f821bd35000 rw-p 00000000 00:00 0 
7f821bd35000-7f821bdf1000 r-xp 00000000 08:01 5643338                    /usr/lib/x86_64-linux-gnu/libkrb5.so.3.3
7f821bdf1000-7f821bff1000 ---p 000bc000 08:01 5643338                    /usr/lib/x86_64-linux-gnu/libkrb5.so.3.3
7f821bff1000-7f821bffe000 r--p 000bc000 08:01 5643338                    /usr/lib/x86_64-linux-gnu/libkrb5.so.3.3
7f821bffe000-7f821c000000 rw-p 000c9000 08:01 5643338                    /usr/lib/x86_64-linux-gnu/libkrb5.so.3.3
7f821c000000-7f821c095000 rw-p 00000000 00:00 0 
7f821c095000-7f8220000000 ---p 00000000 00:00 0 
7f8220000000-7f8220021000 rw-p 00000000 00:00 0 
7f8220021000-7f8224000000 ---p 00000000 00:00 0 
7f8224000000-7f8224021000 rw-p 00000000 00:00 0 
7f8224021000-7f8228000000 ---p 00000000 00:00 0 
7f8228000000-7f8228330000 rw-p 00000000 00:00 0 
7f8228330000-7f822c000000 ---p 00000000 00:00 0 
7f822c000000-7f822c021000 rw-p 00000000 00:00 0 
7f822c021000-7f8230000000 ---p 00000000 00:00 0 
7f8230000000-7f8230021000 rw-p 00000000 00:00 0 
7f8230021000-7f8234000000 ---p 00000000 00:00 0 
7f8234000000-7f8234021000 rw-p 00000000 00:00 0 
7f8234021000-7f8238000000 ---p 00000000 00:00 0 
7f8238000000-7f8238021000 rw-p 00000000 00:00 0 
7f8238021000-7f823c000000 ---p 00000000 00:00 0 
7f823c000000-7f823c021000 rw-p 00000000 00:00 0 
7f823c021000-7f8240000000 ---p 00000000 00:00 0 
7f8240099000-7f824009e000 r-xp 00000000 08:01 5643945                    /usr/lib/x86_64-linux-gnu/libXdmcp.so.6.0.0
7f824009e000-7f824029d000 ---p 00005000 08:01 5643945                    /usr/lib/x86_64-linux-gnu/libXdmcp.so.6.0.0
7f824029d000-7f824029e000 r--p 00004000 08:01 5643945                    /usr/lib/x86_64-linux-gnu/libXdmcp.so.6.0.0
7f824029e000-7f824029f000 rw-p 00005000 08:01 5643945                    /usr/lib/x86_64-linux-gnu/libXdmcp.so.6.0.0
7f824029f000-7f82402a1000 r-xp 00000000 08:01 5643934                    /usr/lib/x86_64-linux-gnu/libXau.so.6.0.0
7f82402a1000-7f82404a1000 ---p 00002000 08:01 5643934                    /usr/lib/x86_64-linux-gnu/libXau.so.6.0.0
7f82404a1000-7f82404a2000 r--p 00002000 08:01 5643934                    /usr/lib/x86_64-linux-gnu/libXau.so.6.0.0
7f82404a2000-7f82404a3000 rw-p 00003000 08:01 5643934                    /usr/lib/x86_64-linux-gnu/libXau.so.6.0.0
7f82404a3000-7f82404aa000 r-xp 00000000 08:01 5636515                    /usr/lib/x86_64-linux-gnu/libffi.so.6.0.1
7f82404aa000-7f82406a9000 ---p 00007000 08:01 5636515                    /usr/lib/x86_64-linux-gnu/libffi.so.6.0.1
7f82406a9000-7f82406aa000 r--p 00006000 08:01 5636515                    /usr/lib/x86_64-linux-gnu/libffi.so.6.0.1
7f82406aa000-7f82406ab000 rw-p 00007000 08:01 5636515                    /usr/lib/x86_64-linux-gnu/libffi.so.6.0.1
7f82406ab000-7f82406c2000 r-xp 00000000 08:01 10359016                   /lib/x86_64-linux-gnu/libresolv-2.19.so
7f82406c2000-7f82408c2000 ---p 00017000 08:01 10359016                   /lib/x86_64-linux-gnu/libresolv-2.19.so
7f82408c2000-7f82408c3000 r--p 00017000 08:01 10359016                   /lib/x86_64-linux-gnu/libresolv-2.19.so
7f82408c3000-7f82408c4000 rw-p 00018000 08:01 10359016                   /lib/x86_64-linux-gnu/libresolv-2.19.so
7f82408c4000-7f82408c6000 rw-p 00000000 00:00 0 
7f82408c6000-7f82408e6000 r-xp 00000000 08:01 10359020                   /lib/x86_64-linux-gnu/libselinux.so.1
7f82408e6000-7f8240ae5000 ---p 00020000 08:01 10359020                   /lib/x86_64-linux-gnu/libselinux.so.1
7f8240ae5000-7f8240ae6000 r--p 0001f000 08:01 10359020                   /lib/x86_64-linux-gnu/libselinux.so.1
7f8240ae6000-7f8240ae7000 rw-p 00020000 08:01 10359020                   /lib/x86_64-linux-gnu/libselinux.so.1
7f8240ae7000-7f8240ae9000 rw-p 00000000 00:00 0 
7f8240ae9000-7f8240bef000 r-xp 00000000 08:01 10358921                   /lib/x86_64-linux-gnu/libglib-2.0.so.0.4002.0
7f8240bef000-7f8240dee000 ---p 00106000 08:01 10358921                   /lib/x86_64-linux-gnu/libglib-2.0.so.0.4002.0
7f8240dee000-7f8240def000 r--p 00105000 08:01 10358921                   /lib/x86_64-linux-gnu/libglib-2.0.so.0.4002.0
7f8240def000-7f8240df0000 rw-p 00106000 08:01 10358921                   /lib/x86_64-linux-gnu/libglib-2.0.so.0.4002.0
7f8240df0000-7f8240df1000 rw-p 00000000 00:00 0 
7f8240df1000-7f8240df4000 r-xp 00000000 08:01 5644329                    /usr/lib/x86_64-linux-gnu/libgmodule-2.0.so.0.4002.0
7f8240df4000-7f8240ff3000 ---p 00003000 08:01 5644329                    /usr/lib/x86_64-linux-gnu/libgmodule-2.0.so.0.4002.0
7f8240ff3000-7f8240ff4000 r--p 00002000 08:01 5644329                    /usr/lib/x86_64-linux-gnu/libgmodule-2.0.so.0.4002.0
7f8240ff4000-7f8240ff5000 rw-p 00003000 08:01 5644329                    /usr/lib/x86_64-linux-gnu/libgmodule-2.0.so.0.4002.0
7f8240ff5000-7f824101c000 r-xp 00000000 08:01 10359024                   /lib/x86_64-linux-gnu/libexpat.so.1.6.0
7f824101c000-7f824121c000 ---p 00027000 08:01 10359024                   /lib/x86_64-linux-gnu/libexpat.so.1.6.0
7f824121c000-7f824121e000 r--p 00027000 08:01 10359024                   /lib/x86_64-linux-gnu/libexpat.so.1.6.0
7f824121e000-7f824121f000 rw-p 00029000 08:01 10359024                   /lib/x86_64-linux-gnu/libexpat.so.1.6.0
7f824121f000-7f82412bc000 r-xp 00000000 08:01 5643389                    /usr/lib/x86_64-linux-gnu/libfreetype.so.6.11.1
7f82412bc000-7f82414bb000 ---p 0009d000 08:01 5643389                    /usr/lib/x86_64-linux-gnu/libfreetype.so.6.11.1
7f82414bb000-7f82414c1000 r--p 0009c000 08:01 5643389                    /usr/lib/x86_64-linux-gnu/libfreetype.so.6.11.1
7f82414c1000-7f82414c2000 rw-p 000a2000 08:01 5643389                    /usr/lib/x86_64-linux-gnu/libfreetype.so.6.11.1
7f82414c2000-7f82414d1000 r-xp 00000000 08:01 5644038                    /usr/lib/x86_64-linux-gnu/libavahi-client.so.3.2.9
7f82414d1000-7f82416d1000 ---p 0000f000 08:01 5644038                    /usr/lib/x86_64-linux-gnu/libavahi-client.so.3.2.9
7f82416d1000-7f82416d2000 r--p 0000f000 08:01 5644038                    /usr/lib/x86_64-linux-gnu/libavahi-client.so.3.2.9
7f82416d2000-7f82416d3000 rw-p 00010000 08:01 5644038                    /usr/lib/x86_64-linux-gnu/libavahi-client.so.3.2.9
7f82416d3000-7f82416de000 r-xp 00000000 08:01 5644040                    /usr/lib/x86_64-linux-gnu/libavahi-common.so.3.5.3
7f82416de000-7f82418dd000 ---p 0000b000 08:01 5644040                    /usr/lib/x86_64-linux-gnu/libavahi-common.so.3.5.3
7f82418dd000-7f82418de000 r--p 0000a000 08:01 5644040                    /usr/lib/x86_64-linux-gnu/libavahi-common.so.3.5.3
7f82418de000-7f82418df000 rw-p 0000b000 08:01 5644040                    /usr/lib/x86_64-linux-gnu/libavahi-common.so.3.5.3
7f82418df000-7f8241995000 r-xp 00000000 08:01 5637371                    /usr/lib/x86_64-linux-gnu/libgnutls.so.26.22.6
7f8241995000-7f8241b95000 ---p 000b6000 08:01 5637371                    /usr/lib/x86_64-linux-gnu/libgnutls.so.26.22.6
7f8241b95000-7f8241b9b000 r--p 000b6000 08:01 5637371                    /usr/lib/x86_64-linux-gnu/libgnutls.so.26.22.6
7f8241b9b000-7f8241b9c000 rw-p 000bc000 08:01 5637371                    /usr/lib/x86_64-linux-gnu/libgnutls.so.26.22.6
7f8241b9c000-7f8241b9d000 rw-p 00000000 00:00 0 
7f8241b9d000-7f8241be1000 r-xp 00000000 08:01 5643334                    /usr/lib/x86_64-linux-gnu/libgssapi_krb5.so.2.2
7f8241be1000-7f8241de1000 ---p 00044000 08:01 5643334                    /usr/lib/x86_64-linux-gnu/libgssapi_krb5.so.2.2
7f8241de1000-7f8241de2000 r--p 00044000 08:01 5643334                    /usr/lib/x86_64-linux-gnu/libgssapi_krb5.so.2.2
7f8241de2000-7f8241de4000 rw-p 00045000 08:01 5643334                    /usr/lib/x86_64-linux-gnu/libgssapi_krb5.so.2.2
7f8241de4000-7f8241e01000 r-xp 00000000 08:01 5645000                    /usr/lib/x86_64-linux-gnu/libxcb.so.1.1.0
7f8241e01000-7f8242001000 ---p 0001d000 08:01 5645000                    /usr/lib/x86_64-linux-gnu/libxcb.so.1.1.0
7f8242001000-7f8242002000 r--p 0001d000 08:01 5645000                    /usr/lib/x86_64-linux-gnu/libxcb.so.1.1.0
7f8242002000-7f8242003000 rw-p 0001e000 08:01 5645000                    /usr/lib/x86_64-linux-gnu/libxcb.so.1.1.0
7f8242003000-7f8242052000 r-xp 00000000 08:01 5644345                    /usr/lib/x86_64-linux-gnu/libgobject-2.0.so.0.4002.0
7f8242052000-7f8242252000 ---p 0004f000 08:01 5644345                    /usr/lib/x86_64-linux-gnu/libgobject-2.0.so.0.4002.0
7f8242252000-7f8242253000 r--p 0004f000 08:01 5644345                    /usr/lib/x86_64-linux-gnu/libgobject-2.0.so.0.4002.0
7f8242253000-7f8242254000 rw-p 00050000 08:01 5644345                    /usr/lib/x86_64-linux-gnu/libgobject-2.0.so.0.4002.0
7f8242254000-7f82423c0000 r-xp 00000000 08:01 5644317                    /usr/lib/x86_64-linux-gnu/libgio-2.0.so.0.4002.0
7f82423c0000-7f82425bf000 ---p 0016c000 08:01 5644317                    /usr/lib/x86_64-linux-gnu/libgio-2.0.so.0.4002.0
7f82425bf000-7f82425c3000 r--p 0016b000 08:01 5644317                    /usr/lib/x86_64-linux-gnu/libgio-2.0.so.0.4002.0
7f82425c3000-7f82425c5000 rw-p 0016f000 08:01 5644317                    /usr/lib/x86_64-linux-gnu/libgio-2.0.so.0.4002.0
7f82425c5000-7f82425c7000 rw-p 00000000 00:00 0 
7f82425c7000-7f8242601000 r-xp 00000000 08:01 5644230                    /usr/lib/x86_64-linux-gnu/libfontconfig.so.1.8.0
7f8242601000-7f8242800000 ---p 0003a000 08:01 5644230                    /usr/lib/x86_64-linux-gnu/libfontconfig.so.1.8.0
7f8242800000-7f8242802000 r--p 00039000 08:01 5644230                    /usr/lib/x86_64-linux-gnu/libfontconfig.so.1.8.0
7f8242802000-7f8242803000 rw-p 0003b000 08:01 5644230                    /usr/lib/x86_64-linux-gnu/libfontconfig.so.1.8.0
7f8242803000-7f824286f000 r-xp 00000000 08:01 5636218                    /usr/lib/x86_64-linux-gnu/libcups.so.2
7f824286f000-7f8242a6f000 ---p 0006c000 08:01 5636218                    /usr/lib/x86_64-linux-gnu/libcups.so.2
7f8242a6f000-7f8242a76000 r--p 0006c000 08:01 5636218                    /usr/lib/x86_64-linux-gnu/libcups.so.2
7f8242a76000-7f8242a77000 rw-p 00073000 08:01 5636218                    /usr/lib/x86_64-linux-gnu/libcups.so.2
7f8242a77000-7f8242a86000 r-xp 00000000 08:01 5643955                    /usr/lib/x86_64-linux-gnu/libXi.so.6.1.0
7f8242a86000-7f8242c85000 ---p 0000f000 08:01 5643955                    /usr/lib/x86_64-linux-gnu/libXi.so.6.1.0
7f8242c85000-7f8242c86000 r--p 0000e000 08:01 5643955                    /usr/lib/x86_64-linux-gnu/libXi.so.6.1.0
7f8242c86000-7f8242c87000 rw-p 0000f000 08:01 5643955                    /usr/lib/x86_64-linux-gnu/libXi.so.6.1.0
7f8242c87000-7f8242c8c000 r-xp 00000000 08:01 5643975                    /usr/lib/x86_64-linux-gnu/libXtst.so.6.1.0
7f8242c8c000-7f8242e8b000 ---p 00005000 08:01 5643975                    /usr/lib/x86_64-linux-gnu/libXtst.so.6.1.0
7f8242e8b000-7f8242e8c000 r--p 00004000 08:01 5643975                    /usr/lib/x86_64-linux-gnu/libXtst.so.6.1.0
7f8242e8c000-7f8242e8d000 rw-p 00005000 08:01 5643975                    /usr/lib/x86_64-linux-gnu/libXtst.so.6.1.0
7f8242e8d000-7f8242e96000 r-xp 00000000 08:01 5643969                    /usr/lib/x86_64-linux-gnu/libXrender.so.1.3.0
7f8242e96000-7f8243095000 ---p 00009000 08:01 5643969                    /usr/lib/x86_64-linux-gnu/libXrender.so.1.3.0
7f8243095000-7f8243096000 r--p 00008000 08:01 5643969                    /usr/lib/x86_64-linux-gnu/libXrender.so.1.3.0
7f8243096000-7f8243097000 rw-p 00009000 08:01 5643969                    /usr/lib/x86_64-linux-gnu/libXrender.so.1.3.0
7f8243097000-7f82431c7000 r-xp 00000000 08:01 5643930                    /usr/lib/x86_64-linux-gnu/libX11.so.6.3.0
7f82431c7000-7f82433c7000 ---p 00130000 08:01 5643930                    /usr/lib/x86_64-linux-gnu/libX11.so.6.3.0
7f82433c7000-7f82433c8000 r--p 00130000 08:01 5643930                    /usr/lib/x86_64-linux-gnu/libX11.so.6.3.0
7f82433c8000-7f82433cc000 rw-p 00131000 08:01 5643930                    /usr/lib/x86_64-linux-gnu/libX11.so.6.3.0
7f82433cc000-7f82433dd000 r-xp 00000000 08:01 5643947                    /usr/lib/x86_64-linux-gnu/libXext.so.6.4.0
7f82433dd000-7f82435dc000 ---p 00011000 08:01 5643947                    /usr/lib/x86_64-linux-gnu/libXext.so.6.4.0
7f82435dc000-7f82435dd000 r--p 00010000 08:01 5643947                    /usr/lib/x86_64-linux-gnu/libXext.so.6.4.0
7f82435dd000-7f82435de000 rw-p 00011000 08:01 5643947                    /usr/lib/x86_64-linux-gnu/libXext.so.6.4.0
7f82435de000-7f8243626000 r-xp 00000000 08:01 9176777                    /usr/lib/jvm/java-7-openjdk-amd64/jre/lib/amd64/xawt/libmawt.so
7f8243626000-7f8243825000 ---p 00048000 08:01 9176777                    /usr/lib/jvm/java-7-openjdk-amd64/jre/lib/amd64/xawt/libmawt.so
7f8243825000-7f8243826000 r--p 00047000 08:01 9176777                    /usr/lib/jvm/java-7-openjdk-amd64/jre/lib/amd64/xawt/libmawt.so
7f8243826000-7f8243829000 rw-p 00048000 08:01 9176777                    /usr/lib/jvm/java-7-openjdk-amd64/jre/lib/amd64/xawt/libmawt.so
7f8243829000-7f824382a000 rw-p 00000000 00:00 0 
7f824382a000-7f82438ca000 r-xp 00000000 08:01 9176653                    /usr/lib/jvm/java-7-openjdk-amd64/jre/lib/amd64/libawt.so
7f82438ca000-7f8243aca000 ---p 000a0000 08:01 9176653                    /usr/lib/jvm/java-7-openjdk-amd64/jre/lib/amd64/libawt.so
7f8243aca000-7f8243acb000 r--p 000a0000 08:01 9176653                    /usr/lib/jvm/java-7-openjdk-amd64/jre/lib/amd64/libawt.so
7f8243acb000-7f8243ad6000 rw-p 000a1000 08:01 9176653                    /usr/lib/jvm/java-7-openjdk-amd64/jre/lib/amd64/libawt.so
7f8243ad6000-7f8243afb000 rw-p 00000000 00:00 0 
7f8243afb000-7f8243afc000 ---p 00000000 00:00 0 
7f8243afc000-7f8243bfc000 rw-p 00000000 00:00 0                          [stack:5547]
7f8243bfc000-7f8243bff000 ---p 00000000 00:00 0 
7f8243bff000-7f8243cfd000 rw-p 00000000 00:00 0                          [stack:5546]
7f8243cfd000-7f8243d00000 ---p 00000000 00:00 0 
7f8243d00000-7f8243dfe000 rw-p 00000000 00:00 0                          [stack:5545]
7f8243dfe000-7f8243e01000 ---p 00000000 00:00 0 
7f8243e01000-7f8243eff000 rw-p 00000000 00:00 0                          [stack:5544]
7f8243eff000-7f8243f02000 ---p 00000000 00:00 0 
7f8243f02000-7f8244000000 rw-p 00000000 00:00 0                          [stack:5543]
7f8244000000-7f8244021000 rw-p 00000000 00:00 0 
7f8244021000-7f8248000000 ---p 00000000 00:00 0 
7f824803b000-7f824871d000 r--p 00000000 08:01 5642932                    /usr/lib/locale/locale-archive
7f824871d000-7f8248720000 ---p 00000000 00:00 0 
7f8248720000-7f824881e000 rw-p 00000000 00:00 0                          [stack:5542]
7f824881e000-7f8248821000 ---p 00000000 00:00 0 
7f8248821000-7f824891f000 rw-p 00000000 00:00 0                          [stack:5541]
7f824891f000-7f8248920000 ---p 00000000 00:00 0 
7f8248920000-7f82499fc000 rw-p 00000000 00:00 0                          [stack:5540]
7f82499fc000-7f8249bae000 r--s 01d2f000 08:01 9176644                    /usr/lib/jvm/java-7-openjdk-amd64/jre/lib/rt.jar
7f8249bae000-7f824c000000 rw-p 00000000 00:00 0 
7f824c000000-7f824c021000 rw-p 00000000 00:00 0 
7f824c021000-7f8250000000 ---p 00000000 00:00 0 
7f8250018000-7f8250073000 rw-p 00000000 00:00 0 
7f8250073000-7f8250074000 ---p 00000000 00:00 0 
7f8250074000-7f8250174000 rw-p 00000000 00:00 0                          [stack:5539]
7f8250174000-7f8250175000 ---p 00000000 00:00 0 
7f8250175000-7f8250275000 rw-p 00000000 00:00 0                          [stack:5538]
7f8250275000-7f8250276000 ---p 00000000 00:00 0 
7f8250276000-7f8250376000 rw-p 00000000 00:00 0                          [stack:5537]
7f8250376000-7f8250377000 ---p 00000000 00:00 0 
7f8250377000-7f825048e000 rw-p 00000000 00:00 0                          [stack:5536]
7f825048e000-7f82505a8000 rw-p 00000000 00:00 0 
7f82505a8000-7f82505b3000 rw-p 00000000 00:00 0 
7f82505b3000-7f82505fb000 rw-p 00000000 00:00 0 
7f82505fb000-7f8250612000 rw-p 00000000 00:00 0 
7f8250612000-7f825072b000 rw-p 00000000 00:00 0 
7f825072b000-7f825073d000 rw-p 00000000 00:00 0 
7f825073d000-7f82507c4000 rw-p 00000000 00:00 0 
7f82507c4000-7f82507c5000 rw-p 00000000 00:00 0 
7f82507c5000-7f8250a35000 rwxp 00000000 00:00 0 
7f8250a35000-7f82537c5000 rw-p 00000000 00:00 0 
7f82537c5000-7f82537cd000 r-xp 00000000 08:01 9176655                    /usr/lib/jvm/java-7-openjdk-amd64/jre/lib/amd64/libzip.so
7f82537cd000-7f82539cc000 ---p 00008000 08:01 9176655                    /usr/lib/jvm/java-7-openjdk-amd64/jre/lib/amd64/libzip.so
7f82539cc000-7f82539cd000 r--p 00007000 08:01 9176655                    /usr/lib/jvm/java-7-openjdk-amd64/jre/lib/amd64/libzip.so
7f82539cd000-7f82539ce000 rw-p 00008000 08:01 9176655                    /usr/lib/jvm/java-7-openjdk-amd64/jre/lib/amd64/libzip.so
7f82539ce000-7f82539d9000 r-xp 00000000 08:01 10358965                   /lib/x86_64-linux-gnu/libnss_files-2.19.so
7f82539d9000-7f8253bd8000 ---p 0000b000 08:01 10358965                   /lib/x86_64-linux-gnu/libnss_files-2.19.so
7f8253bd8000-7f8253bd9000 r--p 0000a000 08:01 10358965                   /lib/x86_64-linux-gnu/libnss_files-2.19.so
7f8253bd9000-7f8253bda000 rw-p 0000b000 08:01 10358965                   /lib/x86_64-linux-gnu/libnss_files-2.19.so
7f8253bda000-7f8253be5000 r-xp 00000000 08:01 10358975                   /lib/x86_64-linux-gnu/libnss_nis-2.19.so
7f8253be5000-7f8253de4000 ---p 0000b000 08:01 10358975                   /lib/x86_64-linux-gnu/libnss_nis-2.19.so
7f8253de4000-7f8253de5000 r--p 0000a000 08:01 10358975                   /lib/x86_64-linux-gnu/libnss_nis-2.19.so
7f8253de5000-7f8253de6000 rw-p 0000b000 08:01 10358975                   /lib/x86_64-linux-gnu/libnss_nis-2.19.so
7f8253de6000-7f8253dfd000 r-xp 00000000 08:01 10358959                   /lib/x86_64-linux-gnu/libnsl-2.19.so
7f8253dfd000-7f8253ffc000 ---p 00017000 08:01 10358959                   /lib/x86_64-linux-gnu/libnsl-2.19.so
7f8253ffc000-7f8253ffd000 r--p 00016000 08:01 10358959                   /lib/x86_64-linux-gnu/libnsl-2.19.so
7f8253ffd000-7f8253ffe000 rw-p 00017000 08:01 10358959                   /lib/x86_64-linux-gnu/libnsl-2.19.so
7f8253ffe000-7f8254000000 rw-p 00000000 00:00 0 
7f8254000000-7f8254194000 rw-p 00000000 00:00 0 
7f8254194000-7f8258000000 ---p 00000000 00:00 0 
7f8258007000-7f8258012000 r--s 00203000 08:01 9176620                    /usr/lib/jvm/java-7-openjdk-amd64/jre/lib/charsets.jar
7f8258012000-7f8258066000 rw-p 00000000 00:00 0 
7f8258066000-7f82580ae000 rw-p 00000000 00:00 0 
7f82580ae000-7f82580b7000 r-xp 00000000 08:01 10358961                   /lib/x86_64-linux-gnu/libnss_compat-2.19.so
7f82580b7000-7f82582b6000 ---p 00009000 08:01 10358961                   /lib/x86_64-linux-gnu/libnss_compat-2.19.so
7f82582b6000-7f82582b7000 r--p 00008000 08:01 10358961                   /lib/x86_64-linux-gnu/libnss_compat-2.19.so
7f82582b7000-7f82582b8000 rw-p 00009000 08:01 10358961                   /lib/x86_64-linux-gnu/libnss_compat-2.19.so
7f82582b8000-7f82582e3000 r-xp 00000000 08:01 9176678                    /usr/lib/jvm/java-7-openjdk-amd64/jre/lib/amd64/libjava.so
7f82582e3000-7f82584e3000 ---p 0002b000 08:01 9176678                    /usr/lib/jvm/java-7-openjdk-amd64/jre/lib/amd64/libjava.so
7f82584e3000-7f82584e4000 r--p 0002b000 08:01 9176678                    /usr/lib/jvm/java-7-openjdk-amd64/jre/lib/amd64/libjava.so
7f82584e4000-7f82584e6000 rw-p 0002c000 08:01 9176678                    /usr/lib/jvm/java-7-openjdk-amd64/jre/lib/amd64/libjava.so
7f82584e6000-7f82584f6000 r-xp 00000000 08:01 9176661                    /usr/lib/jvm/java-7-openjdk-amd64/jre/lib/amd64/libverify.so
7f82584f6000-7f82586f5000 ---p 00010000 08:01 9176661                    /usr/lib/jvm/java-7-openjdk-amd64/jre/lib/amd64/libverify.so
7f82586f5000-7f82586f7000 r--p 0000f000 08:01 9176661                    /usr/lib/jvm/java-7-openjdk-amd64/jre/lib/amd64/libverify.so
7f82586f7000-7f82586f8000 rw-p 00011000 08:01 9176661                    /usr/lib/jvm/java-7-openjdk-amd64/jre/lib/amd64/libverify.so
7f82586f8000-7f82586ff000 r-xp 00000000 08:01 10359018                   /lib/x86_64-linux-gnu/librt-2.19.so
7f82586ff000-7f82588fe000 ---p 00007000 08:01 10359018                   /lib/x86_64-linux-gnu/librt-2.19.so
7f82588fe000-7f82588ff000 r--p 00006000 08:01 10359018                   /lib/x86_64-linux-gnu/librt-2.19.so
7f82588ff000-7f8258900000 rw-p 00007000 08:01 10359018                   /lib/x86_64-linux-gnu/librt-2.19.so
7f8258900000-7f8258916000 r-xp 00000000 08:01 10358905                   /lib/x86_64-linux-gnu/libgcc_s.so.1
7f8258916000-7f8258b15000 ---p 00016000 08:01 10358905                   /lib/x86_64-linux-gnu/libgcc_s.so.1
7f8258b15000-7f8258b16000 rw-p 00015000 08:01 10358905                   /lib/x86_64-linux-gnu/libgcc_s.so.1
7f8258b16000-7f8258c1b000 r-xp 00000000 08:01 10358940                   /lib/x86_64-linux-gnu/libm-2.19.so
7f8258c1b000-7f8258e1a000 ---p 00105000 08:01 10358940                   /lib/x86_64-linux-gnu/libm-2.19.so
7f8258e1a000-7f8258e1b000 r--p 00104000 08:01 10358940                   /lib/x86_64-linux-gnu/libm-2.19.so
7f8258e1b000-7f8258e1c000 rw-p 00105000 08:01 10358940                   /lib/x86_64-linux-gnu/libm-2.19.so
7f8258e1c000-7f8258f02000 r-xp 00000000 08:01 5636274                    /usr/lib/x86_64-linux-gnu/libstdc++.so.6.0.19
7f8258f02000-7f8259101000 ---p 000e6000 08:01 5636274                    /usr/lib/x86_64-linux-gnu/libstdc++.so.6.0.19
7f8259101000-7f8259109000 r--p 000e5000 08:01 5636274                    /usr/lib/x86_64-linux-gnu/libstdc++.so.6.0.19
7f8259109000-7f825910b000 rw-p 000ed000 08:01 5636274                    /usr/lib/x86_64-linux-gnu/libstdc++.so.6.0.19
7f825910b000-7f8259120000 rw-p 00000000 00:00 0 
7f8259120000-7f8259c45000 r-xp 00000000 08:01 9176657                    /usr/lib/jvm/java-7-openjdk-amd64/jre/lib/amd64/server/libjvm.so
7f8259c45000-7f8259e45000 ---p 00b25000 08:01 9176657                    /usr/lib/jvm/java-7-openjdk-amd64/jre/lib/amd64/server/libjvm.so
7f8259e45000-7f8259edf000 r--p 00b25000 08:01 9176657                    /usr/lib/jvm/java-7-openjdk-amd64/jre/lib/amd64/server/libjvm.so
7f8259edf000-7f8259f02000 rw-p 00bbf000 08:01 9176657                    /usr/lib/jvm/java-7-openjdk-amd64/jre/lib/amd64/server/libjvm.so
7f8259f02000-7f8259f30000 rw-p 00000000 00:00 0 
7f8259f30000-7f8259f48000 r-xp 00000000 08:01 10359053                   /lib/x86_64-linux-gnu/libz.so.1.2.8
7f8259f48000-7f825a147000 ---p 00018000 08:01 10359053                   /lib/x86_64-linux-gnu/libz.so.1.2.8
7f825a147000-7f825a148000 r--p 00017000 08:01 10359053                   /lib/x86_64-linux-gnu/libz.so.1.2.8
7f825a148000-7f825a149000 rw-p 00018000 08:01 10359053                   /lib/x86_64-linux-gnu/libz.so.1.2.8
7f825a149000-7f825a162000 r-xp 00000000 08:01 10359010                   /lib/x86_64-linux-gnu/libpthread-2.19.so
7f825a162000-7f825a361000 ---p 00019000 08:01 10359010                   /lib/x86_64-linux-gnu/libpthread-2.19.so
7f825a361000-7f825a362000 r--p 00018000 08:01 10359010                   /lib/x86_64-linux-gnu/libpthread-2.19.so
7f825a362000-7f825a363000 rw-p 00019000 08:01 10359010                   /lib/x86_64-linux-gnu/libpthread-2.19.so
7f825a363000-7f825a367000 rw-p 00000000 00:00 0 
7f825a367000-7f825a36a000 r-xp 00000000 08:01 10358907                   /lib/x86_64-linux-gnu/libdl-2.19.so
7f825a36a000-7f825a569000 ---p 00003000 08:01 10358907                   /lib/x86_64-linux-gnu/libdl-2.19.so
7f825a569000-7f825a56a000 r--p 00002000 08:01 10358907                   /lib/x86_64-linux-gnu/libdl-2.19.so
7f825a56a000-7f825a56b000 rw-p 00003000 08:01 10358907                   /lib/x86_64-linux-gnu/libdl-2.19.so
7f825a56b000-7f825a726000 r-xp 00000000 08:01 10358890                   /lib/x86_64-linux-gnu/libc-2.19.so
7f825a726000-7f825a925000 ---p 001bb000 08:01 10358890                   /lib/x86_64-linux-gnu/libc-2.19.so
7f825a925000-7f825a929000 r--p 001ba000 08:01 10358890                   /lib/x86_64-linux-gnu/libc-2.19.so
7f825a929000-7f825a92b000 rw-p 001be000 08:01 10358890                   /lib/x86_64-linux-gnu/libc-2.19.so
7f825a92b000-7f825a930000 rw-p 00000000 00:00 0 
7f825a930000-7f825a93d000 r-xp 00000000 08:01 9176650                    /usr/lib/jvm/java-7-openjdk-amd64/jre/lib/amd64/jli/libjli.so
7f825a93d000-7f825ab3c000 ---p 0000d000 08:01 9176650                    /usr/lib/jvm/java-7-openjdk-amd64/jre/lib/amd64/jli/libjli.so
7f825ab3c000-7f825ab3d000 r--p 0000c000 08:01 9176650                    /usr/lib/jvm/java-7-openjdk-amd64/jre/lib/amd64/jli/libjli.so
7f825ab3d000-7f825ab3e000 rw-p 0000d000 08:01 9176650                    /usr/lib/jvm/java-7-openjdk-amd64/jre/lib/amd64/jli/libjli.so
7f825ab3e000-7f825ab61000 r-xp 00000000 08:01 10358866                   /lib/x86_64-linux-gnu/ld-2.19.so
7f825ab63000-7f825ab65000 r--s 00012000 08:01 9176690                    /usr/lib/jvm/java-7-openjdk-amd64/jre/lib/ext/zipfs.jar
7f825ab65000-7f825ab67000 r--s 00006000 08:01 6036432                    /usr/share/java/java-atk-wrapper.jar
7f825ab67000-7f825ab87000 rw-p 00000000 00:00 0 
7f825ab87000-7f825ac3d000 rw-p 00000000 00:00 0 
7f825ac3d000-7f825ac40000 ---p 00000000 00:00 0 
7f825ac40000-7f825ad44000 rw-p 00000000 00:00 0                          [stack:5535]
7f825ad44000-7f825ad45000 r--s 00002000 08:01 9176692                    /usr/lib/jvm/java-7-openjdk-amd64/jre/lib/ext/dnsns.jar
7f825ad45000-7f825ad49000 r--s 0003c000 08:01 9176691                    /usr/lib/jvm/java-7-openjdk-amd64/jre/lib/ext/sunpkcs11.jar
7f825ad49000-7f825ad4c000 r--s 0000f000 08:01 9176693                    /usr/lib/jvm/java-7-openjdk-amd64/jre/lib/ext/icedtea-sound.jar
7f825ad4c000-7f825ad50000 r--s 00034000 08:01 9176689                    /usr/lib/jvm/java-7-openjdk-amd64/jre/lib/ext/sunjce_provider.jar
7f825ad50000-7f825ad54000 r--s 00085000 08:01 9176688                    /usr/lib/jvm/java-7-openjdk-amd64/jre/lib/ext/localedata.jar
7f825ad54000-7f825ad5c000 rw-s 00000000 08:01 11665457                   /tmp/hsperfdata_anthony/5529
7f825ad5c000-7f825ad5d000 rw-p 00000000 00:00 0 
7f825ad5d000-7f825ad5e000 ---p 00000000 00:00 0 
7f825ad5e000-7f825ad60000 rw-p 00000000 00:00 0 
7f825ad60000-7f825ad61000 r--p 00022000 08:01 10358866                   /lib/x86_64-linux-gnu/ld-2.19.so
7f825ad61000-7f825ad62000 rw-p 00023000 08:01 10358866                   /lib/x86_64-linux-gnu/ld-2.19.so
7f825ad62000-7f825ad63000 rw-p 00000000 00:00 0 
7ffce3348000-7ffce3369000 rw-p 00000000 00:00 0                          [stack]
7ffce3371000-7ffce3373000 r--p 00000000 00:00 0                          [vvar]
7ffce3373000-7ffce3375000 r-xp 00000000 00:00 0                          [vdso]
ffffffffff600000-ffffffffff601000 r-xp 00000000 00:00 0                  [vsyscall]

VM Arguments:
jvm_args: -Dfile.encoding=UTF-8 
java_command: test.imgtest
Launcher Type: SUN_STANDARD

Environment Variables:
PATH=/usr/local/sbin:/usr/local/bin:/usr/sbin:/usr/bin:/sbin:/bin:/usr/games:/usr/local/games
SHELL=/bin/bash
DISPLAY=:0

Signal Handlers:
SIGSEGV: [libjvm.so+0x955bc0], sa_mask[0]=0x7ffbfeff, sa_flags=0x10000004
SIGBUS: [libjvm.so+0x955bc0], sa_mask[0]=0x7ffbfeff, sa_flags=0x10000004
SIGFPE: [libjvm.so+0x7caff0], sa_mask[0]=0x7ffbfeff, sa_flags=0x10000004
SIGPIPE: [libjvm.so+0x7caff0], sa_mask[0]=0x7ffbfeff, sa_flags=0x10000004
SIGXFSZ: [libjvm.so+0x7caff0], sa_mask[0]=0x7ffbfeff, sa_flags=0x10000004
SIGILL: [libjvm.so+0x7caff0], sa_mask[0]=0x7ffbfeff, sa_flags=0x10000004
SIGUSR1: SIG_DFL, sa_mask[0]=0x00000000, sa_flags=0x00000000
SIGUSR2: [libjvm.so+0x7cae90], sa_mask[0]=0x00000004, sa_flags=0x10000004
SIGHUP: [libjvm.so+0x7cb070], sa_mask[0]=0x7ffbfeff, sa_flags=0x10000004
SIGINT: [libjvm.so+0x7cb070], sa_mask[0]=0x7ffbfeff, sa_flags=0x10000004
SIGTERM: [libjvm.so+0x7cb070], sa_mask[0]=0x7ffbfeff, sa_flags=0x10000004
SIGQUIT: [libjvm.so+0x7cb070], sa_mask[0]=0x7ffbfeff, sa_flags=0x10000004
SIGTRAP: SIG_DFL, sa_mask[0]=0x00000000, sa_flags=0x00000000


---------------  S Y S T E M  ---------------

OS:Ubuntu 14.04 (trusty)
uname:Linux 3.19.0-49-generic #55~14.04.1-Ubuntu SMP Fri Jan 22 11:24:31 UTC 2016 x86_64
libc:glibc 2.19 NPTL 2.19 
rlimit: STACK 8192k, CORE 0k, NPROC 14488, NOFILE 4096, AS infinity
load average:0.55 0.39 0.32

/proc/meminfo:
MemTotal:        3739748 kB
MemFree:          120408 kB
MemAvailable:      62960 kB
Buffers:             452 kB
Cached:           479232 kB
SwapCached:            0 kB
Active:          3030740 kB
Inactive:         416728 kB
Active(anon):    3022628 kB
Inactive(anon):   410548 kB
Active(file):       8112 kB
Inactive(file):     6180 kB
Unevictable:          32 kB
Mlocked:              32 kB
SwapTotal:             0 kB
SwapFree:              0 kB
Dirty:               360 kB
Writeback:             0 kB
AnonPages:       2966896 kB
Mapped:           149044 kB
Shmem:            466072 kB
Slab:              79200 kB
SReclaimable:      39736 kB
SUnreclaim:        39464 kB
KernelStack:       12064 kB
PageTables:        40116 kB
NFS_Unstable:          0 kB
Bounce:                0 kB
WritebackTmp:          0 kB
CommitLimit:     1869872 kB
Committed_AS:    7943556 kB
VmallocTotal:   34359738367 kB
VmallocUsed:      348808 kB
VmallocChunk:   34359316348 kB
HardwareCorrupted:     0 kB
AnonHugePages:   1064960 kB
CmaTotal:              0 kB
CmaFree:               0 kB
HugePages_Total:       0
HugePages_Free:        0
HugePages_Rsvd:        0
HugePages_Surp:        0
Hugepagesize:       2048 kB
DirectMap4k:      127168 kB
DirectMap2M:     3756032 kB


CPU:total 4 (2 cores per cpu, 2 threads per core) family 6 model 58 stepping 9, cmov, cx8, fxsr, mmx, sse, sse2, sse3, ssse3, sse4.1, sse4.2, popcnt, avx, aes, erms, ht, tsc, tscinvbit, tscinv

/proc/cpuinfo:
processor	: 0
vendor_id	: GenuineIntel
cpu family	: 6
model		: 58
model name	: Intel(R) Core(TM) i5-3320M CPU @ 2.60GHz
stepping	: 9
microcode	: 0x17
cpu MHz		: 3099.992
cache size	: 3072 KB
physical id	: 0
siblings	: 4
core id		: 0
cpu cores	: 2
apicid		: 0
initial apicid	: 0
fpu		: yes
fpu_exception	: yes
cpuid level	: 13
wp		: yes
flags		: fpu vme de pse tsc msr pae mce cx8 apic sep mtrr pge mca cmov pat pse36 clflush dts acpi mmx fxsr sse sse2 ss ht tm pbe syscall nx rdtscp lm constant_tsc arch_perfmon pebs bts rep_good nopl xtopology nonstop_tsc aperfmperf eagerfpu pni pclmulqdq dtes64 monitor ds_cpl vmx smx est tm2 ssse3 cx16 xtpr pdcm pcid sse4_1 sse4_2 x2apic popcnt tsc_deadline_timer aes xsave avx f16c rdrand lahf_lm ida arat epb pln pts dtherm tpr_shadow vnmi flexpriority ept vpid fsgsbase smep erms xsaveopt
bugs		:
bogomips	: 5187.70
clflush size	: 64
cache_alignment	: 64
address sizes	: 36 bits physical, 48 bits virtual
power management:

processor	: 1
vendor_id	: GenuineIntel
cpu family	: 6
model		: 58
model name	: Intel(R) Core(TM) i5-3320M CPU @ 2.60GHz
stepping	: 9
microcode	: 0x17
cpu MHz		: 3099.992
cache size	: 3072 KB
physical id	: 0
siblings	: 4
core id		: 0
cpu cores	: 2
apicid		: 1
initial apicid	: 1
fpu		: yes
fpu_exception	: yes
cpuid level	: 13
wp		: yes
flags		: fpu vme de pse tsc msr pae mce cx8 apic sep mtrr pge mca cmov pat pse36 clflush dts acpi mmx fxsr sse sse2 ss ht tm pbe syscall nx rdtscp lm constant_tsc arch_perfmon pebs bts rep_good nopl xtopology nonstop_tsc aperfmperf eagerfpu pni pclmulqdq dtes64 monitor ds_cpl vmx smx est tm2 ssse3 cx16 xtpr pdcm pcid sse4_1 sse4_2 x2apic popcnt tsc_deadline_timer aes xsave avx f16c rdrand lahf_lm ida arat epb pln pts dtherm tpr_shadow vnmi flexpriority ept vpid fsgsbase smep erms xsaveopt
bugs		:
bogomips	: 5187.70
clflush size	: 64
cache_alignment	: 64
address sizes	: 36 bits physical, 48 bits virtual
power management:

processor	: 2
vendor_id	: GenuineIntel
cpu family	: 6
model		: 58
model name	: Intel(R) Core(TM) i5-3320M CPU @ 2.60GHz
stepping	: 9
microcode	: 0x17
cpu MHz		: 3100.703
cache size	: 3072 KB
physical id	: 0
siblings	: 4
core id		: 1
cpu cores	: 2
apicid		: 2
initial apicid	: 2
fpu		: yes
fpu_exception	: yes
cpuid level	: 13
wp		: yes
flags		: fpu vme de pse tsc msr pae mce cx8 apic sep mtrr pge mca cmov pat pse36 clflush dts acpi mmx fxsr sse sse2 ss ht tm pbe syscall nx rdtscp lm constant_tsc arch_perfmon pebs bts rep_good nopl xtopology nonstop_tsc aperfmperf eagerfpu pni pclmulqdq dtes64 monitor ds_cpl vmx smx est tm2 ssse3 cx16 xtpr pdcm pcid sse4_1 sse4_2 x2apic popcnt tsc_deadline_timer aes xsave avx f16c rdrand lahf_lm ida arat epb pln pts dtherm tpr_shadow vnmi flexpriority ept vpid fsgsbase smep erms xsaveopt
bugs		:
bogomips	: 5187.70
clflush size	: 64
cache_alignment	: 64
address sizes	: 36 bits physical, 48 bits virtual
power management:

processor	: 3
vendor_id	: GenuineIntel
cpu family	: 6
model		: 58
model name	: Intel(R) Core(TM) i5-3320M CPU @ 2.60GHz
stepping	: 9
microcode	: 0x17
cpu MHz		: 3099.992
cache size	: 3072 KB
physical id	: 0
siblings	: 4
core id		: 1
cpu cores	: 2
apicid		: 3
initial apicid	: 3
fpu		: yes
fpu_exception	: yes
cpuid level	: 13
wp		: yes
flags		: fpu vme de pse tsc msr pae mce cx8 apic sep mtrr pge mca cmov pat pse36 clflush dts acpi mmx fxsr sse sse2 ss ht tm pbe syscall nx rdtscp lm constant_tsc arch_perfmon pebs bts rep_good nopl xtopology nonstop_tsc aperfmperf eagerfpu pni pclmulqdq dtes64 monitor ds_cpl vmx smx est tm2 ssse3 cx16 xtpr pdcm pcid sse4_1 sse4_2 x2apic popcnt tsc_deadline_timer aes xsave avx f16c rdrand lahf_lm ida arat epb pln pts dtherm tpr_shadow vnmi flexpriority ept vpid fsgsbase smep erms xsaveopt
bugs		:
bogomips	: 5187.70
clflush size	: 64
cache_alignment	: 64
address sizes	: 36 bits physical, 48 bits virtual
power management:



Memory: 4k page, physical 3739748k(120160k free), swap 0k(0k free)

vm_info: OpenJDK 64-Bit Server VM (24.95-b01) for linux-amd64 JRE (1.7.0_95-b00), built on Jan 21 2016 03:31:40 by "buildd" with gcc 4.8.4

time: Sat Feb 20 00:14:41 2016
elapsed time: 0 seconds

